# JRE version: OpenJDK Runtime Environment (19.0+36) (build 19+36-2238)
# Java VM: OpenJDK 64-Bit Server VM (19+36-2238, mixed mode, sharing, tiered, compressed oops, compressed class ptrs, g1 gc, windows-amd64)
GC Precious Log:
 CardTable entry size: 512
 Card Set container configuration: InlinePtr #cards 4 size 8 Array Of Cards #cards 8 size 32 Howl #buckets 8 coarsen threshold 3686 Howl Bitmap #cards 512 size 80 coarsen threshold 460 Card regions per heap region 1 cards per card region 4096
 CPUs: 8 total, 8 available
 Memory: 12063M
 Large Page Support: Disabled
 NUMA Support: Disabled
 Compressed Oops: Enabled (Zero based)
 Heap Region Size: 2M
 Heap Min Capacity: 8M
 Heap Initial Capacity: 190M
 Heap Max Capacity: 3016M
 Pre-touch: Disabled
 Parallel Workers: 8
 Concurrent Workers: 2
 Concurrent Refinement Workers: 8
 Periodic GC: Disabled
Heap:
 garbage-first heap   total 122880K, used 41384K [0x0000000743800000, 0x0000000800000000)
  region size 2048K, 6 young (12288K), 3 survivors (6144K)
 Metaspace       used 59914K, committed 60736K, reserved 1114112K
  class space    used 7436K, committed 7808K, reserved 1048576K
GC Heap History (20 events):
Event: 5.267 GC heap before
{Heap before GC invocations=7 (full 0):
 garbage-first heap   total 61440K, used 42035K [0x0000000743800000, 0x0000000800000000)
  region size 2048K, 13 young (26624K), 1 survivors (2048K)
 Metaspace       used 31128K, committed 31552K, reserved 1114112K
  class space    used 3778K, committed 3968K, reserved 1048576K
}
Event: 5.272 GC heap after
{Heap after GC invocations=8 (full 0):
 garbage-first heap   total 61440K, used 19343K [0x0000000743800000, 0x0000000800000000)
  region size 2048K, 2 young (4096K), 2 survivors (4096K)
 Metaspace       used 31128K, committed 31552K, reserved 1114112K
  class space    used 3778K, committed 3968K, reserved 1048576K
}
Event: 6.081 GC heap before
{Heap before GC invocations=8 (full 0):
 garbage-first heap   total 61440K, used 43919K [0x0000000743800000, 0x0000000800000000)
  region size 2048K, 14 young (28672K), 2 survivors (4096K)
 Metaspace       used 35094K, committed 35584K, reserved 1114112K
  class space    used 4381K, committed 4608K, reserved 1048576K
}
Event: 6.089 GC heap after
{Heap after GC invocations=9 (full 0):
 garbage-first heap   total 61440K, used 21525K [0x0000000743800000, 0x0000000800000000)
  region size 2048K, 2 young (4096K), 2 survivors (4096K)
 Metaspace       used 35094K, committed 35584K, reserved 1114112K
  class space    used 4381K, committed 4608K, reserved 1048576K
}
Event: 6.142 GC heap before
{Heap before GC invocations=9 (full 0):
 garbage-first heap   total 61440K, used 21525K [0x0000000743800000, 0x0000000800000000)
  region size 2048K, 3 young (6144K), 2 survivors (4096K)
 Metaspace       used 35618K, committed 36096K, reserved 1114112K
  class space    used 4433K, committed 4672K, reserved 1048576K
}
Event: 6.145 GC heap after
{Heap after GC invocations=10 (full 0):
 garbage-first heap   total 61440K, used 21666K [0x0000000743800000, 0x0000000800000000)
  region size 2048K, 2 young (4096K), 2 survivors (4096K)
 Metaspace       used 35618K, committed 36096K, reserved 1114112K
  class space    used 4433K, committed 4672K, reserved 1048576K
}
Event: 6.647 GC heap before
{Heap before GC invocations=11 (full 0):
 garbage-first heap   total 61440K, used 42146K [0x0000000743800000, 0x0000000800000000)
  region size 2048K, 13 young (26624K), 2 survivors (4096K)
 Metaspace       used 38187K, committed 38720K, reserved 1114112K
  class space    used 4770K, committed 4992K, reserved 1048576K
}
Event: 6.650 GC heap after
{Heap after GC invocations=12 (full 0):
 garbage-first heap   total 61440K, used 23089K [0x0000000743800000, 0x0000000800000000)
  region size 2048K, 1 young (2048K), 1 survivors (2048K)
 Metaspace       used 38187K, committed 38720K, reserved 1114112K
  class space    used 4770K, committed 4992K, reserved 1048576K
}
Event: 6.697 GC heap before
{Heap before GC invocations=12 (full 0):
 garbage-first heap   total 61440K, used 25137K [0x0000000743800000, 0x0000000800000000)
  region size 2048K, 2 young (4096K), 1 survivors (2048K)
 Metaspace       used 39183K, committed 39744K, reserved 1114112K
  class space    used 4865K, committed 5120K, reserved 1048576K
}
Event: 6.702 GC heap after
{Heap after GC invocations=13 (full 0):
 garbage-first heap   total 61440K, used 23168K [0x0000000743800000, 0x0000000800000000)
  region size 2048K, 1 young (2048K), 1 survivors (2048K)
 Metaspace       used 39183K, committed 39744K, reserved 1114112K
  class space    used 4865K, committed 5120K, reserved 1048576K
}
Event: 7.684 GC heap before
{Heap before GC invocations=13 (full 0):
 garbage-first heap   total 61440K, used 43648K [0x0000000743800000, 0x0000000800000000)
  region size 2048K, 12 young (24576K), 1 survivors (2048K)
 Metaspace       used 40710K, committed 41280K, reserved 1114112K
  class space    used 5043K, committed 5312K, reserved 1048576K
}
Event: 7.689 GC heap after
{Heap after GC invocations=14 (full 0):
 garbage-first heap   total 61440K, used 24616K [0x0000000743800000, 0x0000000800000000)
  region size 2048K, 2 young (4096K), 2 survivors (4096K)
 Metaspace       used 40710K, committed 41280K, reserved 1114112K
  class space    used 5043K, committed 5312K, reserved 1048576K
}
Event: 8.077 GC heap before
{Heap before GC invocations=14 (full 0):
 garbage-first heap   total 61440K, used 45096K [0x0000000743800000, 0x0000000800000000)
  region size 2048K, 12 young (24576K), 2 survivors (4096K)
 Metaspace       used 42178K, committed 42816K, reserved 1114112K
  class space    used 5240K, committed 5568K, reserved 1048576K
}
Event: 8.082 GC heap after
{Heap after GC invocations=15 (full 0):
 garbage-first heap   total 61440K, used 26412K [0x0000000743800000, 0x0000000800000000)
  region size 2048K, 1 young (2048K), 1 survivors (2048K)
 Metaspace       used 42178K, committed 42816K, reserved 1114112K
  class space    used 5240K, committed 5568K, reserved 1048576K
}
Event: 8.425 GC heap before
{Heap before GC invocations=15 (full 0):
 garbage-first heap   total 61440K, used 46892K [0x0000000743800000, 0x0000000800000000)
  region size 2048K, 11 young (22528K), 1 survivors (2048K)
 Metaspace       used 43470K, committed 44096K, reserved 1114112K
  class space    used 5419K, committed 5696K, reserved 1048576K
}
Event: 8.428 GC heap after
{Heap after GC invocations=16 (full 0):
 garbage-first heap   total 122880K, used 28052K [0x0000000743800000, 0x0000000800000000)
  region size 2048K, 2 young (4096K), 2 survivors (4096K)
 Metaspace       used 43470K, committed 44096K, reserved 1114112K
  class space    used 5419K, committed 5696K, reserved 1048576K
}
Event: 11.468 GC heap before
{Heap before GC invocations=16 (full 0):
 garbage-first heap   total 122880K, used 89492K [0x0000000743800000, 0x0000000800000000)
  region size 2048K, 33 young (67584K), 2 survivors (4096K)
 Metaspace       used 52501K, committed 53184K, reserved 1114112K
  class space    used 6531K, committed 6848K, reserved 1048576K
}
Event: 11.475 GC heap after
{Heap after GC invocations=17 (full 0):
 garbage-first heap   total 122880K, used 32852K [0x0000000743800000, 0x0000000800000000)
  region size 2048K, 5 young (10240K), 5 survivors (10240K)
 Metaspace       used 52501K, committed 53184K, reserved 1114112K
  class space    used 6531K, committed 6848K, reserved 1048576K
}
Event: 45.406 GC heap before
{Heap before GC invocations=17 (full 0):
 garbage-first heap   total 122880K, used 69716K [0x0000000743800000, 0x0000000800000000)
  region size 2048K, 24 young (49152K), 5 survivors (10240K)
 Metaspace       used 59680K, committed 60416K, reserved 1114112K
  class space    used 7432K, committed 7744K, reserved 1048576K
}
Event: 45.417 GC heap after
{Heap after GC invocations=18 (full 0):
 garbage-first heap   total 122880K, used 37288K [0x0000000743800000, 0x0000000800000000)
  region size 2048K, 3 young (6144K), 3 survivors (6144K)
 Metaspace       used 59680K, committed 60416K, reserved 1114112K
  class space    used 7432K, committed 7744K, reserved 1048576K
}

